-------------------------------------------------------------------------------
Test set: TestSuite
-------------------------------------------------------------------------------
Tests run: 1, Failures: 1, Errors: 0, Skipped: 0, Time elapsed: 47.126 s <<< FAILURE! - in TestSuite
feature(MyRunner.TestRunner)  Time elapsed: 37.931 s  <<< FAILURE!
cucumber.runtime.CucumberException: java.lang.AssertionError: expected [] but found [Guru99 Bank Home Page]
	at MyRunner.TestRunner.feature(TestRunner.java:33)
Caused by: java.lang.AssertionError: expected [] but found [Guru99 Bank Home Page]

