<?xml version="1.0" encoding="UTF-8"?>
<testsuite xmlns:xsi="http://www.w3.org/2001/XMLSchema-instance" xsi:noNamespaceSchemaLocation="https://maven.apache.org/surefire/maven-surefire-plugin/xsd/surefire-test-report.xsd" name="TestSuite" time="47.126" tests="1" errors="0" skipped="0" failures="1">
  <properties>
[...]
</properties>
  <testcase name="feature" classname="MyRunner.TestRunner" time="37.931">
    <failure message="java.lang.AssertionError: expected [] but found [Guru99 Bank Home Page]" type="cucumber.runtime.CucumberException">cucumber.runtime.CucumberException: java.lang.AssertionError: expected [] but found [Guru99 Bank Home Page]
	at MyRunner.TestRunner.feature(TestRunner.java:33)
Caused by: java.lang.AssertionError: expected [] but found [Guru99 Bank Home Page]
</failure>
    <system-out><![CDATA[#Author: your.email@your.domain.com
#Keywords Summary :
#Feature: List of scenarios.
#Scenario: Business rule through list of steps with arguments.
#Given: Some precondition step
#When: Some key actions
#Then: To observe outcomes or validation
#And,But: To enumerate more Given,When,Then steps
#Scenario Outline: List of steps for data-driven as an Examples and <placeholder>
#Examples: Container for s table
#Background: List of steps run before each of the scenarios
#""" (Doc Strings)
#| (Data Tables)
#@ (Tags/Labels):To group Scenarios
#<> (placeholder)
#""
## (Comments)
#Sample Feature Definition Template
Feature: Guru99 Login Feature

  Scenario Outline: Guru99 Login Test Scenario        &amp#27;[90m# login.feature:21&amp#27;[0m
    &amp#27;[36mGiven &amp#27;[0m&amp#27;[36muser is already on Login Page&amp#27;[0m
    &amp#27;[36mWhen &amp#27;[0m&amp#27;[36mtitle of Login Page is Guru99 Bank Home Page&amp#27;[0m
    &amp#27;[36mThen &amp#27;[0m&amp#27;[36muser enters "<username>" and "<password>"&amp#27;[0m
    &amp#27;[36mThen &amp#27;[0m&amp#27;[36muser clicks on Login button&amp#27;[0m
    &amp#27;[36mThen &amp#27;[0m&amp#27;[36muser is on Home Page&amp#27;[0m
    &amp#27;[36mThen &amp#27;[0m&amp#27;[36mClose the browser&amp#27;[0m

    Examples: 
Guru99 Bank Home Page
Home Page Title::

  Scenario Outline: Guru99 Login Test Scenario        &amp#27;[90m# login.feature:33&amp#27;[0m
    &amp#27;[32mGiven &amp#27;[0m&amp#27;[32muser is already on Login Page&amp#27;[0m               &amp#27;[90m# LogInPageStepDefinition.user_is_already_on_Login_Page()&amp#27;[0m
    &amp#27;[32mWhen &amp#27;[0m&amp#27;[32mtitle of Login Page is Guru99 Bank Home Page&amp#27;[0m &amp#27;[90m# LogInPageStepDefinition.title_of_Login_Page_is_Guru99_Bank_Home_Page()&amp#27;[0m
    &amp#27;[32mThen &amp#27;[0m&amp#27;[32muser enters "&amp#27;[0m&amp#27;[32m&amp#27;[1mmngr503151&amp#27;[0m&amp#27;[32m" and "&amp#27;[0m&amp#27;[32m&amp#27;[1mYmazusu&amp#27;[0m&amp#27;[32m"&amp#27;[0m       &amp#27;[90m# LogInPageStepDefinition.user_enters_username_and_password(String,String)&amp#27;[0m
    &amp#27;[32mThen &amp#27;[0m&amp#27;[32muser clicks on Login button&amp#27;[0m                  &amp#27;[90m# LogInPageStepDefinition.user_clicks_on_Login_button()&amp#27;[0m
    &amp#27;[31mThen &amp#27;[0m&amp#27;[31muser is on Home Page&amp#27;[0m                         &amp#27;[90m# LogInPageStepDefinition.user_is_on_Home_Page()&amp#27;[0m
      &amp#27;[31mjava.lang.AssertionError: expected [] but found [Guru99 Bank Home Page]
      	at org.testng.Assert.fail(Assert.java:96)
      	at org.testng.Assert.failNotEquals(Assert.java:776)
      	at org.testng.Assert.assertEqualsImpl(Assert.java:137)
      	at org.testng.Assert.assertEquals(Assert.java:118)
      	at org.testng.Assert.assertEquals(Assert.java:453)
      	at org.testng.Assert.assertEquals(Assert.java:463)
      	at stepDefinitions.LogInPageStepDefinition.user_is_on_Home_Page(LogInPageStepDefinition.java:61)
      	at ?.Then user is on Home Page(login.feature:27)
      &amp#27;[0m
    &amp#27;[36mThen &amp#27;[0m&amp#27;[36mClose the browser&amp#27;[0m                            &amp#27;[90m# LogInPageStepDefinition.close_the_browser()&amp#27;[0m
Guru99 Bank Home Page
Home Page Title::

  Scenario Outline: Guru99 Login Test Scenario        &amp#27;[90m# login.feature:34&amp#27;[0m
    &amp#27;[32mGiven &amp#27;[0m&amp#27;[32muser is already on Login Page&amp#27;[0m               &amp#27;[90m# LogInPageStepDefinition.user_is_already_on_Login_Page()&amp#27;[0m
    &amp#27;[32mWhen &amp#27;[0m&amp#27;[32mtitle of Login Page is Guru99 Bank Home Page&amp#27;[0m &amp#27;[90m# LogInPageStepDefinition.title_of_Login_Page_is_Guru99_Bank_Home_Page()&amp#27;[0m
    &amp#27;[32mThen &amp#27;[0m&amp#27;[32muser enters "&amp#27;[0m&amp#27;[32m&amp#27;[1mvhgfhhb&amp#27;[0m&amp#27;[32m" and "&amp#27;[0m&amp#27;[32m&amp#27;[1mfjdsfshh&amp#27;[0m&amp#27;[32m"&amp#27;[0m         &amp#27;[90m# LogInPageStepDefinition.user_enters_username_and_password(String,String)&amp#27;[0m
    &amp#27;[32mThen &amp#27;[0m&amp#27;[32muser clicks on Login button&amp#27;[0m                  &amp#27;[90m# LogInPageStepDefinition.user_clicks_on_Login_button()&amp#27;[0m
    &amp#27;[31mThen &amp#27;[0m&amp#27;[31muser is on Home Page&amp#27;[0m                         &amp#27;[90m# LogInPageStepDefinition.user_is_on_Home_Page()&amp#27;[0m
      &amp#27;[31mjava.lang.AssertionError: expected [] but found [Guru99 Bank Home Page]
      	at org.testng.Assert.fail(Assert.java:96)
      	at org.testng.Assert.failNotEquals(Assert.java:776)
      	at org.testng.Assert.assertEqualsImpl(Assert.java:137)
      	at org.testng.Assert.assertEquals(Assert.java:118)
      	at org.testng.Assert.assertEquals(Assert.java:453)
      	at org.testng.Assert.assertEquals(Assert.java:463)
      	at stepDefinitions.LogInPageStepDefinition.user_is_on_Home_Page(LogInPageStepDefinition.java:61)
      	at ?.Then user is on Home Page(login.feature:27)
      &amp#27;[0m
    &amp#27;[36mThen &amp#27;[0m&amp#27;[36mClose the browser&amp#27;[0m                            &amp#27;[90m# LogInPageStepDefinition.close_the_browser()&amp#27;[0m
]]></system-out>
    <system-err><![CDATA[1684989960402	geckodriver	INFO	Listening on 127.0.0.1:26893
1684989960943	mozrunner::runner	INFO	Running command: "C:\\Program Files\\Mozilla Firefox\\firefox.exe" "--marionette" "-no-remote" "-profile" "C:\\Users\\Jayul\\AppData\\Local\\Temp\\rust_mozprofile16snwL"
console.warn: services.settings: Ignoring preference override of remote settings server
console.warn: services.settings: Allow by setting MOZ_REMOTE_SETTINGS_DEVTOOLS=1 in the environment
1684989962116	Marionette	INFO	Marionette enabled
Dynamically enable window occlusion 0
1684989962134	Marionette	INFO	Listening on port 49631
Read port: 49631
1684989962748	RemoteAgent	WARN	TLS certificate errors will be ignored for this session
[ERROR glean_core] Error setting metrics feature config: Json(Error("EOF while parsing a value", line: 1, column: 0))
May 25, 2023 12:46:05 A.M. org.openqa.selenium.remote.ProtocolHandshake createSession
INFO: Detected dialect: W3C
console.warn: LoginRecipes: "Falling back to a synchronous message for: https://demo.guru99.com."
console.warn: LoginRecipes: "Falling back to a synchronous message for: https://demo.guru99.com."
JavaScript error: , line 0: uncaught exception: undefined
1684989973585	Marionette	WARN	Ignoring event 'DOMContentLoaded' because document has an invalid readyState of 'complete'.
1684989974472	geckodriver	INFO	Listening on 127.0.0.1:21916
1684989975104	mozrunner::runner	INFO	Running command: "C:\\Program Files\\Mozilla Firefox\\firefox.exe" "--marionette" "-no-remote" "-profile" "C:\\Users\\Jayul\\AppData\\Local\\Temp\\rust_mozprofileQiGQ6H"
console.warn: services.settings: Ignoring preference override of remote settings server
console.warn: services.settings: Allow by setting MOZ_REMOTE_SETTINGS_DEVTOOLS=1 in the environment
1684989978057	Marionette	INFO	Marionette enabled
Dynamically enable window occlusion 0
1684989978069	Marionette	INFO	Listening on port 49725
Read port: 49725
JavaScript warning: https://pagead2.googlesyndication.com/bg/_V7JEwjyKa7lL6_ZBczMp1aEsJ9qFSV12I84yuCmKHE.js line 2 > eval line 661 > eval line 1 > eval line 1 > eval, line 1: WEBGL_debug_renderer_info is deprecated in Firefox and will be removed. Please use RENDERER.
1684989978697	RemoteAgent	WARN	TLS certificate errors will be ignored for this session
[ERROR glean_core] Error setting metrics feature config: Json(Error("EOF while parsing a value", line: 1, column: 0))
May 25, 2023 12:46:27 A.M. org.openqa.selenium.remote.ProtocolHandshake createSession
INFO: Detected dialect: W3C
console.error: (new TypeError("this._searchProviderInfo is null", "resource:///modules/SearchSERPTelemetry.sys.mjs", 502))
JavaScript warning: https://pagead2.googlesyndication.com/bg/b4kQu0tD4hSA-hVARc1fzzODE0daF2Vy-bPLW9uau78.js line 2 > eval line 7512 > eval line 1 > eval line 1 > eval, line 1: WEBGL_debug_renderer_info is deprecated in Firefox and will be removed. Please use RENDERER.
console.warn: LoginRecipes: "Falling back to a synchronous message for: https://demo.guru99.com."
console.warn: LoginRecipes: "Falling back to a synchronous message for: https://demo.guru99.com."
]]></system-err>
  </testcase>
</testsuite>