<?xml version="1.0" encoding="UTF-8"?>
<testng-results ignored="0" total="1" passed="1" failed="0" skipped="0">
  <reporter-output>
  </reporter-output>
  <suite started-at="2023-05-25T04:36:27Z" name="BDD Test Suite" finished-at="2023-05-25T04:37:10Z" duration-ms="42951">
    <groups>
      <group name="cucumber">
        <method signature="TestRunner.feature(cucumber.api.testng.CucumberFeatureWrapper)[pri:0, instance:MyRunner.TestRunner@5f16132a]" name="feature" class="MyRunner.TestRunner"/>
      </group> <!-- cucumber -->
    </groups>
    <test started-at="2023-05-25T04:36:27Z" name="Guru99 Bank Test" finished-at="2023-05-25T04:37:10Z" duration-ms="42951">
      <class name="MyRunner.TestRunner">
        <test-method is-config="true" signature="setUpClass()[pri:0, instance:MyRunner.TestRunner@5f16132a]" started-at="2023-05-25T04:36:27Z" name="setUpClass" finished-at="2023-05-25T04:36:27Z" duration-ms="274" status="PASS">
          <reporter-output>
          </reporter-output>
        </test-method> <!-- setUpClass -->
        <test-method signature="feature(cucumber.api.testng.CucumberFeatureWrapper)[pri:0, instance:MyRunner.TestRunner@5f16132a]" started-at="2023-05-25T04:36:27Z" name="feature" description="Runs Cucumber Feature" data-provider="features" finished-at="2023-05-25T04:37:10Z" duration-ms="42541" status="PASS">
          <params>
            <param index="0">
              <value>
                <![CDATA[Guru99 Login Feature]]>
              </value>
            </param>
          </params>
          <reporter-output>
          </reporter-output>
        </test-method> <!-- feature -->
        <test-method is-config="true" signature="tearDownClass()[pri:0, instance:MyRunner.TestRunner@5f16132a]" started-at="2023-05-25T04:37:10Z" name="tearDownClass" finished-at="2023-05-25T04:37:10Z" duration-ms="25" status="PASS">
          <reporter-output>
          </reporter-output>
        </test-method> <!-- tearDownClass -->
      </class> <!-- MyRunner.TestRunner -->
    </test> <!-- Guru99 Bank Test -->
  </suite> <!-- BDD Test Suite -->
</testng-results>
